<?xml version="1.0" encoding="UTF-8"?>
<robot generator="Robot 7.0 (Python 3.8.10 on win32)" generated="2024-06-24T12:20:21.061000" rpa="false" schemaversion="5">
<suite id="s1" name="bankTC" source="C:\Users\subnalam\Desktop\Robot Framework\ParaBank\TestCases\bankTC.robot">
<test id="s1-t1" name="Database reset" line="31">
<kw name="Given user will launch the browser and opens the bank page url" owner="bankIK">
<kw name="user will able to launch the browser and opens the bank page url" owner="bankKeywords">
<kw name="Open Browser" owner="SeleniumLibrary">
<msg time="2024-06-24T12:20:21.414530" level="INFO">Opening browser 'chrome' to base url 'https://parabank.parasoft.com/parabank/index.htm'.</msg>
<arg>${url}</arg>
<arg>${browser}</arg>
<doc>Opens a new browser instance to the optional ``url``.</doc>
<status status="PASS" start="2024-06-24T12:20:21.413524" elapsed="13.705257"/>
</kw>
<kw name="Maximize Browser Window" owner="SeleniumLibrary">
<doc>Maximizes current browser window.</doc>
<status status="PASS" start="2024-06-24T12:20:35.118781" elapsed="0.056625"/>
</kw>
<kw name="Capture Page Screenshot" owner="SeleniumLibrary">
<msg time="2024-06-24T12:20:35.344927" level="INFO" html="true">&lt;/td&gt;&lt;/tr&gt;&lt;tr&gt;&lt;td colspan="3"&gt;&lt;a href="selenium-screenshot-1.png"&gt;&lt;img src="selenium-screenshot-1.png" width="800px"&gt;&lt;/a&gt;</msg>
<doc>Takes a screenshot of the current page and embeds it into a log file.</doc>
<status status="PASS" start="2024-06-24T12:20:35.175406" elapsed="0.169521"/>
</kw>
<status status="PASS" start="2024-06-24T12:20:21.413524" elapsed="13.931403"/>
</kw>
<status status="PASS" start="2024-06-24T12:20:21.413524" elapsed="13.931403"/>
</kw>
<kw name="When user will try to click on admin page" owner="bankIK">
<kw name="user is able to click on admin page" owner="bankKeywords">
<kw name="Click Element" owner="SeleniumLibrary">
<msg time="2024-06-24T12:20:35.346934" level="INFO">Clicking element '//div[@id='headerPanel']//following::a[5]'.</msg>
<arg>${adminPage_Link}</arg>
<doc>Click the element identified by ``locator``.</doc>
<status status="PASS" start="2024-06-24T12:20:35.346934" elapsed="3.864361"/>
</kw>
<status status="PASS" start="2024-06-24T12:20:35.346934" elapsed="3.864361"/>
</kw>
<status status="PASS" start="2024-06-24T12:20:35.345933" elapsed="3.865362"/>
</kw>
<kw name="And user will try to click on clean button for database" owner="bankIK">
<kw name="user is able to click on clean button for database" owner="bankKeywords">
<kw name="Click Button" owner="SeleniumLibrary">
<msg time="2024-06-24T12:20:39.214295" level="INFO">Clicking button '//button[@value='CLEAN']'.</msg>
<arg>${clean_Btn}</arg>
<doc>Clicks the button identified by ``locator``.</doc>
<status status="PASS" start="2024-06-24T12:20:39.213295" elapsed="0.517439"/>
</kw>
<status status="PASS" start="2024-06-24T12:20:39.213295" elapsed="0.517439"/>
</kw>
<status status="PASS" start="2024-06-24T12:20:39.212295" elapsed="0.518439"/>
</kw>
<kw name="Then user will try to see the message database cleaned" owner="bankIK">
<kw name="user is able to see the message database cleaned" owner="bankKeywords">
<kw name="Page Should Contain" owner="SeleniumLibrary">
<msg time="2024-06-24T12:20:39.759738" level="INFO">Current page contains text 'Database Cleaned'.</msg>
<arg>${result_Admin}</arg>
<doc>Verifies that current page contains ``text``.</doc>
<status status="PASS" start="2024-06-24T12:20:39.732731" elapsed="0.027007"/>
</kw>
<kw name="Capture Page Screenshot" owner="SeleniumLibrary">
<msg time="2024-06-24T12:20:39.946962" level="INFO" html="true">&lt;/td&gt;&lt;/tr&gt;&lt;tr&gt;&lt;td colspan="3"&gt;&lt;a href="selenium-screenshot-2.png"&gt;&lt;img src="selenium-screenshot-2.png" width="800px"&gt;&lt;/a&gt;</msg>
<doc>Takes a screenshot of the current page and embeds it into a log file.</doc>
<status status="PASS" start="2024-06-24T12:20:39.760753" elapsed="0.186209"/>
</kw>
<kw name="Sleep" owner="BuiltIn">
<msg time="2024-06-24T12:20:41.950639" level="INFO">Slept 2 seconds.</msg>
<arg>2s</arg>
<doc>Pauses the test executed for the given time.</doc>
<status status="PASS" start="2024-06-24T12:20:39.946962" elapsed="2.003677"/>
</kw>
<status status="PASS" start="2024-06-24T12:20:39.732731" elapsed="2.217908"/>
</kw>
<status status="PASS" start="2024-06-24T12:20:39.731732" elapsed="2.218907"/>
</kw>
<tag>Reset</tag>
<status status="PASS" start="2024-06-24T12:20:21.411527" elapsed="20.540108"/>
</test>
<status status="PASS" start="2024-06-24T12:20:21.064001" elapsed="20.890655"/>
</suite>
<statistics>
<total>
<stat pass="1" fail="0" skip="0">All Tests</stat>
</total>
<tag>
<stat pass="1" fail="0" skip="0">Reset</stat>
</tag>
<suite>
<stat pass="1" fail="0" skip="0" id="s1" name="bankTC">bankTC</stat>
</suite>
</statistics>
<errors>
</errors>
</robot>
